Info: *******************************************************************
Info: Running Quartus Prime Analysis & Synthesis
    Info: Version 18.1.0 Build 625 09/12/2018 SJ Standard Edition
    Info: Copyright (C) 2018  Intel Corporation. All rights reserved.
    Info: Your use of Intel Corporation's design tools, logic functions 
    Info: and other software and tools, and its AMPP partner logic 
    Info: functions, and any output files from any of the foregoing 
    Info: (including device programming or simulation files), and any 
    Info: associated documentation or information are expressly subject 
    Info: to the terms and conditions of the Intel Program License 
    Info: Subscription Agreement, the Intel Quartus Prime License Agreement,
    Info: the Intel FPGA IP License Agreement, or other applicable license
    Info: agreement, including, without limitation, that your use is for
    Info: the sole purpose of programming logic devices manufactured by
    Info: Intel and sold by Intel or its authorized distributors.  Please
    Info: refer to the applicable agreement for further details.
    Info: Processing started: Sun Feb  2 22:10:42 2020
Info: Command: quartus_map mp1 -c mp1
Info (20030): Parallel compilation is enabled and will use 4 of the 4 processors detected
Info (12021): Found 1 design units, including 1 entities, in source file hdl/alu.sv
    Info (12023): Found entity 1: alu File: /job/student/hdl/alu.sv Line: 3
Info (12021): Found 1 design units, including 1 entities, in source file hdl/ir.sv
    Info (12023): Found entity 1: ir File: /job/student/hdl/ir.sv Line: 3
Info (12021): Found 1 design units, including 1 entities, in source file hdl/pc_reg.sv
    Info (12023): Found entity 1: pc_register File: /job/student/hdl/pc_reg.sv Line: 1
Info (12021): Found 1 design units, including 1 entities, in source file hdl/regfile.sv
    Info (12023): Found entity 1: regfile File: /job/student/hdl/regfile.sv Line: 2
Info (12021): Found 1 design units, including 1 entities, in source file hdl/register.sv
    Info (12023): Found entity 1: register File: /job/student/hdl/register.sv Line: 1
Info (12021): Found 5 design units, including 0 entities, in source file hdl/rv32i_mux_types.sv
    Info (12022): Found design unit 1: pcmux (SystemVerilog) File: /job/student/hdl/rv32i_mux_types.sv Line: 1
    Info (12022): Found design unit 2: marmux (SystemVerilog) File: /job/student/hdl/rv32i_mux_types.sv Line: 9
    Info (12022): Found design unit 3: cmpmux (SystemVerilog) File: /job/student/hdl/rv32i_mux_types.sv Line: 16
    Info (12022): Found design unit 4: alumux (SystemVerilog) File: /job/student/hdl/rv32i_mux_types.sv Line: 23
    Info (12022): Found design unit 5: regfilemux (SystemVerilog) File: /job/student/hdl/rv32i_mux_types.sv Line: 39
Info (12021): Found 1 design units, including 0 entities, in source file hdl/rv32i_types.sv
    Info (12022): Found design unit 1: rv32i_types (SystemVerilog) File: /job/student/hdl/rv32i_types.sv Line: 1
Error (12007): Top-level design entity "mp1" is undefined
Info (144001): Generated suppressed messages file /job/student/output_files/mp1.map.smsg
Error: Quartus Prime Analysis & Synthesis was unsuccessful. 1 error, 0 warnings
    Error: Peak virtual memory: 986 megabytes
    Error: Processing ended: Sun Feb  2 22:10:56 2020
    Error: Elapsed time: 00:00:14
    Error: Total CPU time (on all processors): 00:00:36
