Info: *******************************************************************
Info: Running Quartus Prime Analysis & Synthesis
    Info: Version 18.1.0 Build 625 09/12/2018 SJ Standard Edition
    Info: Copyright (C) 2018  Intel Corporation. All rights reserved.
    Info: Your use of Intel Corporation's design tools, logic functions 
    Info: and other software and tools, and its AMPP partner logic 
    Info: functions, and any output files from any of the foregoing 
    Info: (including device programming or simulation files), and any 
    Info: associated documentation or information are expressly subject 
    Info: to the terms and conditions of the Intel Program License 
    Info: Subscription Agreement, the Intel Quartus Prime License Agreement,
    Info: the Intel FPGA IP License Agreement, or other applicable license
    Info: agreement, including, without limitation, that your use is for
    Info: the sole purpose of programming logic devices manufactured by
    Info: Intel and sold by Intel or its authorized distributors.  Please
    Info: refer to the applicable agreement for further details.
    Info: Processing started: Sun Feb 23 06:23:29 2020
Info: Command: quartus_map mp2 -c mp2
Info (20030): Parallel compilation is enabled and will use 4 of the 4 processors detected
Info (12021): Found 1 design units, including 1 entities, in source file hdl/cache/array.sv
    Info (12023): Found entity 1: array File: /job/student/hdl/cache/array.sv Line: 1
Info (12021): Found 1 design units, including 1 entities, in source file hdl/cache/cache.sv
    Info (12023): Found entity 1: cache File: /job/student/hdl/cache/cache.sv Line: 1
Info (12021): Found 1 design units, including 1 entities, in source file hdl/cache/cache_control.sv
    Info (12023): Found entity 1: cache_control File: /job/student/hdl/cache/cache_control.sv Line: 1
Info (12021): Found 1 design units, including 1 entities, in source file hdl/cache/cache_datapath.sv
    Info (12023): Found entity 1: cache_datapath File: /job/student/hdl/cache/cache_datapath.sv Line: 1
Info (12021): Found 1 design units, including 1 entities, in source file hdl/cache/data_array.sv
    Info (12023): Found entity 1: data_array File: /job/student/hdl/cache/data_array.sv Line: 2
Info (12021): Found 1 design units, including 1 entities, in source file hdl/cache/bus_adapter.sv
    Info (12023): Found entity 1: bus_adapter File: /job/student/hdl/cache/bus_adapter.sv Line: 1
Error (10170): Verilog HDL syntax error at control.sv(86) near text: "}";  expecting an identifier. Check for and fix any syntax errors that appear immediately before or at the specified keyword. The Intel FPGA Knowledge Database contains many articles with specific details on how to resolve this error. Visit the Knowledge Database at https://www.altera.com/support/support-resources/knowledge-base/search.html and search for this specific error message number. File: /job/student/hdl/cpu/control.sv Line: 86
Error (10112): Ignored design unit "control" at control.sv(3) due to previous errors File: /job/student/hdl/cpu/control.sv Line: 3
Info (12021): Found 0 design units, including 0 entities, in source file hdl/cpu/control.sv
Error (10170): Verilog HDL syntax error at datapath.sv(12) near text: ")";  expecting a direction. Check for and fix any syntax errors that appear immediately before or at the specified keyword. The Intel FPGA Knowledge Database contains many articles with specific details on how to resolve this error. Visit the Knowledge Database at https://www.altera.com/support/support-resources/knowledge-base/search.html and search for this specific error message number. File: /job/student/hdl/cpu/datapath.sv Line: 12
Error (10112): Ignored design unit "datapath" at datapath.sv(5) due to previous errors File: /job/student/hdl/cpu/datapath.sv Line: 5
Info (12021): Found 0 design units, including 0 entities, in source file hdl/cpu/datapath.sv
Info (12021): Found 1 design units, including 1 entities, in source file hdl/cpu/alu.sv
    Info (12023): Found entity 1: alu File: /job/student/hdl/cpu/alu.sv Line: 3
Info (12021): Found 1 design units, including 1 entities, in source file hdl/cpu/ir.sv
    Info (12023): Found entity 1: ir File: /job/student/hdl/cpu/ir.sv Line: 3
Info (12021): Found 1 design units, including 1 entities, in source file hdl/cpu/pc_reg.sv
    Info (12023): Found entity 1: pc_register File: /job/student/hdl/cpu/pc_reg.sv Line: 1
Info (12021): Found 1 design units, including 1 entities, in source file hdl/cpu/regfile.sv
    Info (12023): Found entity 1: regfile File: /job/student/hdl/cpu/regfile.sv Line: 2
Info (12021): Found 1 design units, including 1 entities, in source file hdl/cpu/register.sv
    Info (12023): Found entity 1: register File: /job/student/hdl/cpu/register.sv Line: 1
Info (12021): Found 1 design units, including 1 entities, in source file hdl/mp2.sv
    Info (12023): Found entity 1: mp2 File: /job/student/hdl/mp2.sv Line: 3
Info (12021): Found 5 design units, including 0 entities, in source file hdl/rv32i_mux_types.sv
    Info (12022): Found design unit 1: pcmux (SystemVerilog) File: /job/student/hdl/rv32i_mux_types.sv Line: 4
    Info (12022): Found design unit 2: marmux (SystemVerilog) File: /job/student/hdl/rv32i_mux_types.sv Line: 12
    Info (12022): Found design unit 3: cmpmux (SystemVerilog) File: /job/student/hdl/rv32i_mux_types.sv Line: 19
    Info (12022): Found design unit 4: alumux (SystemVerilog) File: /job/student/hdl/rv32i_mux_types.sv Line: 26
    Info (12022): Found design unit 5: regfilemux (SystemVerilog) File: /job/student/hdl/rv32i_mux_types.sv Line: 42
Info (12021): Found 1 design units, including 0 entities, in source file hdl/rv32i_types.sv
    Info (12022): Found design unit 1: rv32i_types (SystemVerilog) File: /job/student/hdl/rv32i_types.sv Line: 5
Info (144001): Generated suppressed messages file /job/student/output_files/mp2.map.smsg
Error: Quartus Prime Analysis & Synthesis was unsuccessful. 4 errors, 0 warnings
    Error: Peak virtual memory: 986 megabytes
    Error: Processing ended: Sun Feb 23 06:23:43 2020
    Error: Elapsed time: 00:00:14
    Error: Total CPU time (on all processors): 00:00:36
